<?xml version="1.0" encoding="UTF-8"?>
<!-- Generated by org.testng.reporters.JUnitReportReporter -->
<testsuite hostname="LAPTOP-68RRB9K3" failures="0" tests="2" name="Homepage.AB_test" time="2.667" errors="0" timestamp="2024-05-12T11:01:37 IST" skipped="0">
  <testcase classname="Homepage.AB_test" name="verify_navigation_to_AB_test" time="2.166"/>
  <system-out/>
  <testcase classname="Homepage.AB_test" name="verify_link" time="0.501"/>
  <system-out/>
</testsuite> <!-- Homepage.AB_test -->
