<?xml version="1.0" encoding="UTF-8"?>
<!-- Generated by org.testng.reporters.JUnitReportReporter -->
<testsuite hostname="LAPTOP-68RRB9K3" failures="0" tests="1" name="Homepage.Site_navigation_test" time="0.007" errors="0" timestamp="2024-05-11T13:13:45 IST" skipped="0">
  <testcase classname="Homepage.Site_navigation_test" name="verify_title" time="0.007"/>
  <system-out/>
</testsuite> <!-- Homepage.Site_navigation_test -->
