<?xml version="1.0" encoding="UTF-8"?>
<!-- Generated by org.testng.reporters.JUnitReportReporter -->
<testsuite hostname="LAPTOP-68RRB9K3" failures="0" tests="4" name="Homepage.Add_remove_test" time="3.064" errors="0" timestamp="2024-05-12T12:04:47 IST" skipped="0">
  <testcase classname="Homepage.Add_remove_test" name="verify_link" time="0.530"/>
  <system-out/>
  <testcase classname="Homepage.Add_remove_test" name="verify_page_navigation" time="0.073"/>
  <system-out/>
  <testcase classname="Homepage.Add_remove_test" name="verify_add_element_button" time="2.261"/>
  <system-out/>
  <testcase classname="Homepage.Add_remove_test" name="verify_delete_button" time="0.200"/>
  <system-out/>
</testsuite> <!-- Homepage.Add_remove_test -->
